<?xml version="1.0" encoding="UTF-8"?>
<!-- Generated by org.testng.reporters.JUnitReportReporter -->
<testsuite hostname="DESKTOP-BRI97IT" failures="0" tests="6" name="test.day3" time="0.011" errors="0" timestamp="2023-03-11T01:06:45 IST" skipped="1">
  <testcase classname="test.day3" name="MobileLoginCarLoan" time="0.001"/>
  <system-out/>
  <testcase classname="test.day3" name="WebLoginCarLoan" time="0.001"/>
  <system-out/>
  <testcase classname="test.day3" name="MobileSignOutCarLoan" time="0.002"/>
  <system-out/>
  <testcase classname="test.day3" name="MobileLoginCarLoan" time="0.001"/>
  <system-out/>
  <testcase classname="test.day3" name="MobileLoginCarLoan" time="0.006"/>
  <system-out/>
  <testcase classname="test.day3" name="MobileSignInCarLoan">
    <skipped/>
  </testcase> <!-- MobileSignInCarLoan -->
  <system-out/>
</testsuite> <!-- test.day3 -->
