<?xml version="1.0" encoding="UTF-8"?>
<!-- Generated by org.testng.reporters.JUnitReportReporter -->
<testsuite hostname="DESKTOP-BRI97IT" failures="0" tests="3" name="test.day4" time="0.002" errors="0" timestamp="2023-03-11T01:06:45 IST" skipped="0">
  <testcase classname="test.day4" name="MobileLoginHomeLoan" time="0.000"/>
  <system-out/>
  <testcase classname="test.day4" name="WebLoginHomeLoan" time="0.001"/>
  <system-out/>
  <testcase classname="test.day4" name="LoginAPIHomeLoan" time="0.001"/>
  <system-out/>
</testsuite> <!-- test.day4 -->
