<?xml version="1.0" encoding="UTF-8"?>
<!-- Generated by org.testng.reporters.JUnitReportReporter -->
<testsuite hostname="DESKTOP-BRI97IT" failures="0" tests="1" name="test.day2" time="0.001" errors="0" timestamp="2023-03-11T01:06:45 IST" skipped="0">
  <testcase classname="test.day2" name="Demo3" time="0.001"/>
  <system-out/>
</testsuite> <!-- test.day2 -->
